<?xml version="1.0" encoding="UTF-8"?>
<!-- Generated by org.testng.reporters.JUnitReportReporter -->
<testsuite hostname="DESKTOP-5TN5CVM" failures="0" tests="4" name="myTaskClass" time="0.205" errors="0" timestamp="2025-04-17T14:58:54 EET" skipped="2">
  <testcase classname="myTaskClass" name="Login" time="0.156"/>
  <testcase classname="myTaskClass" name="PrintItemsFirstLetter" time="0.049"/>
  <testcase classname="myTaskClass" name="RemoveAllItemsFromCart">
    <skipped/>
  </testcase> <!-- RemoveAllItemsFromCart -->
  <testcase classname="myTaskClass" name="AddAllItemsToCart">
    <skipped/>
  </testcase> <!-- AddAllItemsToCart -->
</testsuite> <!-- myTaskClass -->
